\BOOKMARK [0][-]{chapter.1}{\376\377\000A\000b\000o\000u\000t}{}% 1
\BOOKMARK [0][-]{chapter.2}{\376\377\000A\000P\000I\000\040\000E\000n\000d\000p\000o\000i\000n\000t\000s}{}% 2
\BOOKMARK [1][-]{section.2.1}{\376\377\000C\000o\000u\000r\000s\000e}{chapter.2}% 3
\BOOKMARK [1][-]{section.2.2}{\376\377\000I\000s\000s\000u\000e\000s}{chapter.2}% 4
\BOOKMARK [1][-]{section.2.3}{\376\377\000P\000r\000o\000f\000e\000s\000s\000o\000r}{chapter.2}% 5
\BOOKMARK [1][-]{section.2.4}{\376\377\000S\000e\000c\000t\000i\000o\000n}{chapter.2}% 6
\BOOKMARK [1][-]{section.2.5}{\376\377\000T\000i\000c\000k\000e\000t}{chapter.2}% 7
\BOOKMARK [1][-]{section.2.6}{\376\377\000U\000s\000e\000r}{chapter.2}% 8
\BOOKMARK [0][-]{chapter.3}{\376\377\000D\000a\000t\000a\000b\000a\000s\000e\000\040\000M\000o\000d\000e\000l\000s}{}% 9
\BOOKMARK [1][-]{section.3.1}{\376\377\000C\000o\000u\000r\000s\000e}{chapter.3}% 10
\BOOKMARK [1][-]{section.3.2}{\376\377\000I\000s\000s\000u\000e\000s}{chapter.3}% 11
\BOOKMARK [1][-]{section.3.3}{\376\377\000P\000r\000o\000f\000e\000s\000s\000o\000r}{chapter.3}% 12
\BOOKMARK [1][-]{section.3.4}{\376\377\000S\000e\000c\000t\000i\000o\000n}{chapter.3}% 13
\BOOKMARK [1][-]{section.3.5}{\376\377\000T\000i\000c\000k\000e\000t}{chapter.3}% 14
\BOOKMARK [1][-]{section.3.6}{\376\377\000U\000s\000e\000r}{chapter.3}% 15
\BOOKMARK [0][-]{chapter.4}{\376\377\000A\000P\000I\000\040\000S\000c\000r\000i\000p\000t\000s}{}% 16
\BOOKMARK [0][-]{chapter.5}{\376\377\000A\000P\000I\000\040\000C\000o\000n\000f\000i\000g}{}% 17
\BOOKMARK [1][-]{section.5.1}{\376\377\000S\000e\000t\000t\000i\000n\000g\000s}{chapter.5}% 18
\BOOKMARK [1][-]{section.5.2}{\376\377\000b\000a\000s\000e\000.\000a\000s\000g\000i\000\040\000m\000o\000d\000u\000l\000e}{chapter.5}% 19
\BOOKMARK [1][-]{section.5.3}{\376\377\000b\000a\000s\000e\000.\000s\000e\000t\000t\000i\000n\000g\000s\000\040\000m\000o\000d\000u\000l\000e}{chapter.5}% 20
\BOOKMARK [1][-]{section.5.4}{\376\377\000b\000a\000s\000e\000.\000u\000r\000l\000s\000\040\000m\000o\000d\000u\000l\000e}{chapter.5}% 21
\BOOKMARK [1][-]{section.5.5}{\376\377\000b\000a\000s\000e\000.\000w\000s\000g\000i\000\040\000m\000o\000d\000u\000l\000e}{chapter.5}% 22
\BOOKMARK [1][-]{section.5.6}{\376\377\000M\000o\000d\000u\000l\000e\000\040\000c\000o\000n\000t\000e\000n\000t\000s}{chapter.5}% 23
\BOOKMARK [0][-]{chapter.6}{\376\377\000F\000o\000r\000m\000s}{}% 24
\BOOKMARK [1][-]{section.6.1}{\376\377\000T\000i\000c\000k\000e\000t\000F\000o\000r\000m\000\040\000T\000y\000p\000e\000S\000c\000r\000i\000p\000t\000\040\000M\000o\000d\000u\000l\000e\000\040\000D\000o\000c\000u\000m\000e\000n\000t\000a\000t\000i\000o\000n}{chapter.6}% 25
\BOOKMARK [2][-]{subsection.6.1.1}{\376\377\000O\000v\000e\000r\000v\000i\000e\000w}{section.6.1}% 26
\BOOKMARK [2][-]{subsection.6.1.2}{\376\377\000K\000e\000y\000\040\000C\000o\000m\000p\000o\000n\000e\000n\000t\000s}{section.6.1}% 27
\BOOKMARK [1][-]{section.6.2}{\376\377\000T\000i\000c\000k\000e\000t\000F\000o\000r\000m\000\040\000R\000e\000a\000c\000t\000\040\000C\000o\000m\000p\000o\000n\000e\000n\000t\000\040\000D\000o\000c\000u\000m\000e\000n\000t\000a\000t\000i\000o\000n}{chapter.6}% 28
\BOOKMARK [2][-]{subsection.6.2.1}{\376\377\000O\000v\000e\000r\000v\000i\000e\000w}{section.6.2}% 29
\BOOKMARK [2][-]{subsection.6.2.2}{\376\377\000U\000s\000a\000g\000e}{section.6.2}% 30
\BOOKMARK [2][-]{subsection.6.2.3}{\376\377\000U\000s\000a\000g\000e}{section.6.2}% 31
\BOOKMARK [1][-]{section.6.3}{\376\377\000A\000n\000n\000o\000u\000n\000c\000e\000m\000e\000n\000t\000F\000o\000r\000m}{chapter.6}% 32
\BOOKMARK [2][-]{subsection.6.3.1}{\376\377\000F\000o\000r\000m\000\040\000S\000c\000h\000e\000m\000a}{section.6.3}% 33
\BOOKMARK [2][-]{subsection.6.3.2}{\376\377\000S\000u\000b\000m\000i\000t\000t\000i\000n\000g\000\040\000t\000h\000e\000\040\000F\000o\000r\000m}{section.6.3}% 34
\BOOKMARK [2][-]{subsection.6.3.3}{\376\377\000R\000e\000n\000d\000e\000r\000i\000n\000g\000\040\000t\000h\000e\000\040\000F\000o\000r\000m}{section.6.3}% 35
\BOOKMARK [2][-]{subsection.6.3.4}{\376\377\000U\000I\000\040\000C\000o\000m\000p\000o\000n\000e\000n\000t\000s}{section.6.3}% 36
\BOOKMARK [2][-]{subsection.6.3.5}{\376\377\000C\000h\000a\000r\000a\000c\000t\000e\000r\000\040\000L\000i\000m\000i\000t\000s}{section.6.3}% 37
\BOOKMARK [2][-]{subsection.6.3.6}{\376\377\000F\000o\000r\000m\000\040\000S\000u\000b\000m\000i\000s\000s\000i\000o\000n}{section.6.3}% 38
\BOOKMARK [1][-]{section.6.4}{\376\377\000T\000h\000e\000m\000e\000P\000r\000o\000v\000i\000d\000e\000r\000\040\000R\000e\000a\000c\000t\000\040\000C\000o\000m\000p\000o\000n\000e\000n\000t\000\040\000D\000o\000c\000u\000m\000e\000n\000t\000a\000t\000i\000o\000n}{chapter.6}% 39
\BOOKMARK [2][-]{subsection.6.4.1}{\376\377\000O\000v\000e\000r\000v\000i\000e\000w}{section.6.4}% 40
\BOOKMARK [2][-]{subsection.6.4.2}{\376\377\000K\000e\000y\000\040\000C\000o\000m\000p\000o\000n\000e\000n\000t\000s}{section.6.4}% 41
\BOOKMARK [2][-]{subsection.6.4.3}{\376\377\000U\000s\000a\000g\000e}{section.6.4}% 42
\BOOKMARK [1][-]{section.6.5}{\376\377\000M\000o\000d\000e\000T\000o\000g\000g\000l\000e\000\040\000R\000e\000a\000c\000t\000\040\000C\000o\000m\000p\000o\000n\000e\000n\000t\000\040\000D\000o\000c\000u\000m\000e\000n\000t\000a\000t\000i\000o\000n}{chapter.6}% 43
\BOOKMARK [2][-]{subsection.6.5.1}{\376\377\000O\000v\000e\000r\000v\000i\000e\000w}{section.6.5}% 44
\BOOKMARK [2][-]{subsection.6.5.2}{\376\377\000K\000e\000y\000\040\000C\000o\000m\000p\000o\000n\000e\000n\000t\000s}{section.6.5}% 45
\BOOKMARK [2][-]{subsection.6.5.3}{\376\377\000U\000s\000a\000g\000e}{section.6.5}% 46
\BOOKMARK [1][-]{section.6.6}{\376\377\000T\000u\000t\000o\000r\000T\000i\000c\000k\000e\000t\000F\000o\000r\000m\000\040\000R\000e\000a\000c\000t\000\040\000C\000o\000m\000p\000o\000n\000e\000n\000t\000\040\000D\000o\000c\000u\000m\000e\000n\000t\000a\000t\000i\000o\000n}{chapter.6}% 47
\BOOKMARK [2][-]{subsection.6.6.1}{\376\377\000O\000v\000e\000r\000v\000i\000e\000w}{section.6.6}% 48
\BOOKMARK [2][-]{subsection.6.6.2}{\376\377\000U\000s\000a\000g\000e}{section.6.6}% 49
\BOOKMARK [0][-]{chapter.7}{\376\377\000I\000n\000d\000i\000c\000e\000s\000\040\000a\000n\000d\000\040\000t\000a\000b\000l\000e\000s}{}% 50
\BOOKMARK [0][-]{section*.198}{\376\377\000P\000y\000t\000h\000o\000n\000\040\000M\000o\000d\000u\000l\000e\000\040\000I\000n\000d\000e\000x}{}% 51
\BOOKMARK [0][-]{section*.199}{\376\377\000I\000n\000d\000e\000x}{}% 52
